<?xml version="1.0" encoding="UTF-8"?>
<!-- Generated by org.testng.reporters.JUnitXMLReporter -->
<testsuite hostname="SCI-DT-70" name="BrowseProductAndAddToCartTest_IE_10" tests="1" failures="1" timestamp="29 Dec 2014 09:36:09 GMT" time="367.718" errors="0">
  <testcase name="Checkout_As_Reg_User" time="250.575" classname="Test.RegUserCheckOut">
    <failure type="java.lang.AssertionError" message="Confirmation doesn&amp;apos;t display. expected [true] but found [false]">
      <![CDATA[java.lang.AssertionError: Confirmation doesn't display. expected [true] but found [false]
	at Actions.CheckoutAsRegisteredUserAction.regUser_Checkout(CheckoutAsRegisteredUserAction.java:351)
	at Test.RegUserCheckOut.Checkout_As_Reg_User(RegUserCheckOut.java:69)
	at java.util.concurrent.FutureTask.run(Unknown Source)
	at java.util.concurrent.ThreadPoolExecutor.runWorker(Unknown Source)
	at java.util.concurrent.ThreadPoolExecutor$Worker.run(Unknown Source)
	at java.lang.Thread.run(Unknown Source)
... Removed 19 stack frames]]>
    </failure>
  </testcase> <!-- Checkout_As_Reg_User -->
</testsuite> <!-- BrowseProductAndAddToCartTest_IE_10 -->
