<?xml version="1.0" encoding="UTF-8"?>
<!-- Generated by org.testng.reporters.JUnitXMLReporter -->
<testsuite hostname="SCI-DT-70" name="LoginLogutTest_CHROME" tests="1" failures="1" timestamp="24 Dec 2014 14:56:36 GMT" time="357.867" errors="0">
  <testcase name="Checkout_As_Guest" time="246.272" classname="Test.GuestCheckout">
    <failure type="java.lang.AssertionError" message="Confirmation doesn&amp;apos;t display. expected [true] but found [false]">
      <![CDATA[java.lang.AssertionError: Confirmation doesn't display. expected [true] but found [false]
	at Actions.CheckoutAsGuestAction.checkOutAsGuest(CheckoutAsGuestAction.java:333)
	at Test.GuestCheckout.Checkout_As_Guest(GuestCheckout.java:90)
	at java.util.concurrent.FutureTask.run(Unknown Source)
	at java.util.concurrent.ThreadPoolExecutor.runWorker(Unknown Source)
	at java.util.concurrent.ThreadPoolExecutor$Worker.run(Unknown Source)
	at java.lang.Thread.run(Unknown Source)
... Removed 19 stack frames]]>
    </failure>
  </testcase> <!-- Checkout_As_Guest -->
</testsuite> <!-- LoginLogutTest_CHROME -->
